0 info it worked if it ends with ok
1 verbose cli [ 'C:\\Program Files\\nodejs\\node.exe',
1 verbose cli   'C:\\Program Files\\nodejs\\node_modules\\npm\\bin\\npm-cli.js',
1 verbose cli   'start' ]
2 info using npm@3.3.12
3 info using node@v5.2.0
4 verbose run-script [ 'prestart', 'start', 'poststart' ]
5 info lifecycle kanban_app@1.0.0~prestart: kanban_app@1.0.0
6 silly lifecycle kanban_app@1.0.0~prestart: no script for prestart, continuing
7 info lifecycle kanban_app@1.0.0~start: kanban_app@1.0.0
8 verbose lifecycle kanban_app@1.0.0~start: unsafe-perm in lifecycle true
9 verbose lifecycle kanban_app@1.0.0~start: PATH: C:\Program Files\nodejs\node_modules\npm\bin\node-gyp-bin;C:\ReactProjects\deneme_app\node_modules\.bin;C:\Users\etakil\AppData\Roaming\npm;C:\Program Files\nodejs\;C:\Program Files (x86)\Teradata\Client\13.10\Shared ICU Libraries for Teradata\lib\;C:\Program Files (x86)\Teradata\Client\13.10\CLIv2\;C:\Program Files (x86)\Teradata\Client\13.10\bin\;C:\Program Files (x86)\Teradata\Client\13.10\ODBC Driver for Teradata\Lib\;C:\Oracle\product\11.2.0\client_1\bin;C:\Oracle\product\12.1.0\client_1\bin;C:\Program Files\HP_Fortify\HP_Fortify_SCA_and_Apps_3.80\bin;C:\oracle\product\11.2.0\client_2\bin;C:\windows\system32;C:\windows;C:\windows\System32\Wbem;C:\windows\System32\WindowsPowerShell\v1.0\;C:\Program Files\Microsoft SQL Server\100\DTS\Binn\;C:\Program Files (x86)\Microsoft SQL Server\100\Tools\Binn\VSShell\Common7\IDE\;C:\Program Files (x86)\Microsoft SQL Server\100\Tools\Binn\;C:\Program Files\Microsoft SQL Server\100\Tools\Binn\;C:\Program Files (x86)\Microsoft Visual Studio 9.0\Common7\IDE\PrivateAssemblies\;C:\Program Files (x86)\Microsoft SQL Server\100\DTS\Binn\;C:\Program Files\Microsoft\Web Platform Installer\;C:\Program Files (x86)\Microsoft ASP.NET\ASP.NET Web Pages\v1.0\;C:\Program Files (x86)\Windows Kits\8.0\Windows Performance Toolkit\;C:\Program Files\Microsoft SQL Server\110\Tools\Binn\;C:\Program Files (x86)\Enterprise Vault\EVClient\x64\;C:\Program Files (x86)\Microsoft SQL Server\110\Tools\Binn\ManagementStudio\;C:\Program Files (x86)\Microsoft SQL Server\110\Tools\Binn\;C:\Program Files (x86)\Microsoft SQL Server\110\DTS\Binn\;C:\Go\bin;C:\Program Files\nodejs\;C:\ProgramData\chocolatey\bin;c:\Program Files\Puppet Labs\Puppet\bin;C:\Program Files\Git\cmd;C:\Program Files\Git\mingw64\bin;C:\Program Files\Git\usr\bin;c:\HashiCorp\Vagrant\bin
10 verbose lifecycle kanban_app@1.0.0~start: CWD: C:\ReactProjects\deneme_app
11 silly lifecycle kanban_app@1.0.0~start: Args: [ '/d /s /c', 'webpack-dev-server' ]
12 silly lifecycle kanban_app@1.0.0~start: Returned: code: 1  signal: null
13 info lifecycle kanban_app@1.0.0~start: Failed to exec start script
14 verbose stack Error: kanban_app@1.0.0 start: `webpack-dev-server`
14 verbose stack Exit status 1
14 verbose stack     at EventEmitter.<anonymous> (C:\Program Files\nodejs\node_modules\npm\lib\utils\lifecycle.js:232:16)
14 verbose stack     at emitTwo (events.js:88:13)
14 verbose stack     at EventEmitter.emit (events.js:173:7)
14 verbose stack     at ChildProcess.<anonymous> (C:\Program Files\nodejs\node_modules\npm\lib\utils\spawn.js:24:14)
14 verbose stack     at emitTwo (events.js:88:13)
14 verbose stack     at ChildProcess.emit (events.js:173:7)
14 verbose stack     at maybeClose (internal/child_process.js:819:16)
14 verbose stack     at Process.ChildProcess._handle.onexit (internal/child_process.js:212:5)
15 verbose pkgid kanban_app@1.0.0
16 verbose cwd C:\ReactProjects\deneme_app
17 error Windows_NT 6.1.7601
18 error argv "C:\\Program Files\\nodejs\\node.exe" "C:\\Program Files\\nodejs\\node_modules\\npm\\bin\\npm-cli.js" "start"
19 error node v5.2.0
20 error npm  v3.3.12
21 error code ELIFECYCLE
22 error kanban_app@1.0.0 start: `webpack-dev-server`
22 error Exit status 1
23 error Failed at the kanban_app@1.0.0 start script 'webpack-dev-server'.
23 error Make sure you have the latest version of node.js and npm installed.
23 error If you do, this is most likely a problem with the kanban_app package,
23 error not with npm itself.
23 error Tell the author that this fails on your system:
23 error     webpack-dev-server
23 error You can get their info via:
23 error     npm owner ls kanban_app
23 error There is likely additional logging output above.
24 verbose exit [ 1, true ]
